24-09-2019 11:58:24.683 [restartedMain] DEBUG o.h.s.internal.StatisticsInitiator.initiateServiceInternal - Statistics initialized [enabled=true]
24-09-2019 11:58:25.323 [restartedMain] WARN  o.s.b.a.o.j.JpaBaseConfiguration$JpaWebConfiguration$JpaWebMvcConfiguration.openEntityManagerInViewInterceptor - spring.jpa.open-in-view is enabled by default. Therefore, database queries may be performed during view rendering. Explicitly configure spring.jpa.open-in-view to disable this warning
24-09-2019 11:58:50.271 [http-nio-8080-exec-3] DEBUG o.h.stat.internal.StatisticsImpl.queryExecuted - HHH000117: HQL: select generatedAlias0 from Comida as generatedAlias0 order by generatedAlias0.precio asc, time: 303ms, rows: 1
24-09-2019 11:59:08.359 [http-nio-8080-exec-4] DEBUG o.h.stat.internal.StatisticsImpl.queryExecuted - HHH000117: HQL: select generatedAlias0 from Comida as generatedAlias0 left join generatedAlias0.restaurante as generatedAlias1 where generatedAlias1.nombre=:param0 order by generatedAlias0.precio asc, time: 4ms, rows: 1
24-09-2019 11:59:16.228 [http-nio-8080-exec-5] DEBUG o.h.stat.internal.StatisticsImpl.queryExecuted - HHH000117: HQL: select generatedAlias0 from Comida as generatedAlias0, time: 5ms, rows: 3
24-09-2019 11:59:23.061 [http-nio-8080-exec-6] DEBUG o.h.stat.internal.StatisticsImpl.queryExecuted - HHH000117: HQL: select generatedAlias0 from Restaurante as generatedAlias0, time: 1ms, rows: 2
24-09-2019 11:59:44.265 [http-nio-8080-exec-7] DEBUG o.h.stat.internal.StatisticsImpl.queryExecuted - HHH000117: HQL: select generatedAlias0 from Comida as generatedAlias0 left join generatedAlias0.restaurante as generatedAlias1 where generatedAlias1.nombre=:param0 order by generatedAlias0.precio asc, time: 3ms, rows: 1
24-09-2019 12:00:23.091 [restartedMain] DEBUG o.h.s.internal.StatisticsInitiator.initiateServiceInternal - Statistics initialized [enabled=true]
24-09-2019 12:00:23.244 [restartedMain] WARN  o.s.b.a.o.j.JpaBaseConfiguration$JpaWebConfiguration$JpaWebMvcConfiguration.openEntityManagerInViewInterceptor - spring.jpa.open-in-view is enabled by default. Therefore, database queries may be performed during view rendering. Explicitly configure spring.jpa.open-in-view to disable this warning
24-09-2019 12:00:54.511 [restartedMain] DEBUG o.h.s.internal.StatisticsInitiator.initiateServiceInternal - Statistics initialized [enabled=true]
24-09-2019 12:00:54.657 [restartedMain] WARN  o.s.b.a.o.j.JpaBaseConfiguration$JpaWebConfiguration$JpaWebMvcConfiguration.openEntityManagerInViewInterceptor - spring.jpa.open-in-view is enabled by default. Therefore, database queries may be performed during view rendering. Explicitly configure spring.jpa.open-in-view to disable this warning
24-09-2019 12:01:28.795 [restartedMain] DEBUG o.h.s.internal.StatisticsInitiator.initiateServiceInternal - Statistics initialized [enabled=true]
24-09-2019 12:01:28.925 [restartedMain] WARN  o.s.b.a.o.j.JpaBaseConfiguration$JpaWebConfiguration$JpaWebMvcConfiguration.openEntityManagerInViewInterceptor - spring.jpa.open-in-view is enabled by default. Therefore, database queries may be performed during view rendering. Explicitly configure spring.jpa.open-in-view to disable this warning
24-09-2019 12:02:05.073 [restartedMain] DEBUG o.h.s.internal.StatisticsInitiator.initiateServiceInternal - Statistics initialized [enabled=true]
24-09-2019 12:02:05.188 [restartedMain] WARN  o.s.b.a.o.j.JpaBaseConfiguration$JpaWebConfiguration$JpaWebMvcConfiguration.openEntityManagerInViewInterceptor - spring.jpa.open-in-view is enabled by default. Therefore, database queries may be performed during view rendering. Explicitly configure spring.jpa.open-in-view to disable this warning
24-09-2019 12:02:18.417 [restartedMain] DEBUG o.h.s.internal.StatisticsInitiator.initiateServiceInternal - Statistics initialized [enabled=true]
24-09-2019 12:02:18.545 [restartedMain] WARN  o.s.b.a.o.j.JpaBaseConfiguration$JpaWebConfiguration$JpaWebMvcConfiguration.openEntityManagerInViewInterceptor - spring.jpa.open-in-view is enabled by default. Therefore, database queries may be performed during view rendering. Explicitly configure spring.jpa.open-in-view to disable this warning
24-09-2019 12:02:24.797 [restartedMain] DEBUG o.h.s.internal.StatisticsInitiator.initiateServiceInternal - Statistics initialized [enabled=true]
24-09-2019 12:02:25.205 [restartedMain] WARN  o.s.b.a.o.j.JpaBaseConfiguration$JpaWebConfiguration$JpaWebMvcConfiguration.openEntityManagerInViewInterceptor - spring.jpa.open-in-view is enabled by default. Therefore, database queries may be performed during view rendering. Explicitly configure spring.jpa.open-in-view to disable this warning
24-09-2019 12:02:28.999 [http-nio-8080-exec-1] DEBUG o.h.stat.internal.StatisticsImpl.queryExecuted - HHH000117: HQL: select generatedAlias0 from Comida as generatedAlias0 left join generatedAlias0.restaurante as generatedAlias1 where generatedAlias1.nombre=:param0 order by generatedAlias0.precio asc, time: 254ms, rows: 1
24-09-2019 12:02:35.215 [http-nio-8080-exec-2] DEBUG o.h.stat.internal.StatisticsImpl.queryExecuted - HHH000117: HQL: select generatedAlias0 from Comida as generatedAlias0 order by generatedAlias0.precio asc, time: 5ms, rows: 1
24-09-2019 12:02:43.451 [http-nio-8080-exec-3] DEBUG o.h.stat.internal.StatisticsImpl.queryExecuted - HHH000117: HQL: select generatedAlias0 from Comida as generatedAlias0 order by generatedAlias0.precio desc, time: 5ms, rows: 1
24-09-2019 12:02:52.526 [http-nio-8080-exec-4] DEBUG o.h.stat.internal.StatisticsImpl.queryExecuted - HHH000117: HQL: select generatedAlias0 from Comida as generatedAlias0 left join generatedAlias0.restaurante as generatedAlias1 where generatedAlias1.nombre=:param0 order by generatedAlias0.precio desc, time: 5ms, rows: 1
24-09-2019 12:02:59.477 [http-nio-8080-exec-5] DEBUG o.h.stat.internal.StatisticsImpl.queryExecuted - HHH000117: HQL: select generatedAlias0 from Comida as generatedAlias0 order by generatedAlias0.precio desc, time: 5ms, rows: 1
24-09-2019 12:03:04.329 [http-nio-8080-exec-6] DEBUG o.h.stat.internal.StatisticsImpl.queryExecuted - HHH000117: HQL: select generatedAlias0 from Comida as generatedAlias0 left join generatedAlias0.restaurante as generatedAlias1 where generatedAlias1.nombre=:param0 order by generatedAlias0.precio desc, time: 3ms, rows: 1
24-09-2019 12:03:20.447 [http-nio-8080-exec-7] DEBUG o.h.stat.internal.StatisticsImpl.queryExecuted - HHH000117: HQL: select generatedAlias0 from Comida as generatedAlias0 left join generatedAlias0.restaurante as generatedAlias1 where generatedAlias1.nombre=:param0 order by generatedAlias0.precio desc, time: 2ms, rows: 0
24-09-2019 12:03:28.430 [http-nio-8080-exec-8] DEBUG o.h.stat.internal.StatisticsImpl.queryExecuted - HHH000117: HQL: select generatedAlias0 from Comida as generatedAlias0 left join generatedAlias0.restaurante as generatedAlias1 where generatedAlias1.nombre=:param0 order by generatedAlias0.precio desc, time: 4ms, rows: 1
24-09-2019 12:11:44.062 [restartedMain] DEBUG o.h.s.internal.StatisticsInitiator.initiateServiceInternal - Statistics initialized [enabled=true]
24-09-2019 12:11:44.478 [restartedMain] WARN  o.s.b.a.o.j.JpaBaseConfiguration$JpaWebConfiguration$JpaWebMvcConfiguration.openEntityManagerInViewInterceptor - spring.jpa.open-in-view is enabled by default. Therefore, database queries may be performed during view rendering. Explicitly configure spring.jpa.open-in-view to disable this warning
24-09-2019 12:11:53.607 [http-nio-8080-exec-1] DEBUG o.h.stat.internal.StatisticsImpl.queryExecuted - HHH000117: HQL: select generatedAlias0 from Comida as generatedAlias0, time: 259ms, rows: 3
24-09-2019 12:12:30.880 [restartedMain] DEBUG o.h.s.internal.StatisticsInitiator.initiateServiceInternal - Statistics initialized [enabled=true]
24-09-2019 12:12:31.028 [restartedMain] WARN  o.s.b.a.o.j.JpaBaseConfiguration$JpaWebConfiguration$JpaWebMvcConfiguration.openEntityManagerInViewInterceptor - spring.jpa.open-in-view is enabled by default. Therefore, database queries may be performed during view rendering. Explicitly configure spring.jpa.open-in-view to disable this warning
24-09-2019 12:13:49.044 [http-nio-8080-exec-1] DEBUG o.h.stat.internal.StatisticsImpl.queryExecuted - HHH000117: HQL: select generatedAlias0 from Restaurante as generatedAlias0, time: 1ms, rows: 2
24-09-2019 12:20:00.911 [restartedMain] DEBUG o.h.s.internal.StatisticsInitiator.initiateServiceInternal - Statistics initialized [enabled=true]
24-09-2019 12:20:01.305 [restartedMain] WARN  o.s.b.a.o.j.JpaBaseConfiguration$JpaWebConfiguration$JpaWebMvcConfiguration.openEntityManagerInViewInterceptor - spring.jpa.open-in-view is enabled by default. Therefore, database queries may be performed during view rendering. Explicitly configure spring.jpa.open-in-view to disable this warning
24-09-2019 12:22:06.790 [restartedMain] DEBUG o.h.s.internal.StatisticsInitiator.initiateServiceInternal - Statistics initialized [enabled=true]
24-09-2019 12:22:06.927 [restartedMain] WARN  o.s.b.a.o.j.JpaBaseConfiguration$JpaWebConfiguration$JpaWebMvcConfiguration.openEntityManagerInViewInterceptor - spring.jpa.open-in-view is enabled by default. Therefore, database queries may be performed during view rendering. Explicitly configure spring.jpa.open-in-view to disable this warning
24-09-2019 12:22:52.241 [restartedMain] DEBUG o.h.s.internal.StatisticsInitiator.initiateServiceInternal - Statistics initialized [enabled=true]
24-09-2019 12:22:52.425 [restartedMain] WARN  o.s.b.a.o.j.JpaBaseConfiguration$JpaWebConfiguration$JpaWebMvcConfiguration.openEntityManagerInViewInterceptor - spring.jpa.open-in-view is enabled by default. Therefore, database queries may be performed during view rendering. Explicitly configure spring.jpa.open-in-view to disable this warning
24-09-2019 12:23:43.634 [restartedMain] DEBUG o.h.s.internal.StatisticsInitiator.initiateServiceInternal - Statistics initialized [enabled=true]
24-09-2019 12:23:43.854 [restartedMain] WARN  o.s.b.a.o.j.JpaBaseConfiguration$JpaWebConfiguration$JpaWebMvcConfiguration.openEntityManagerInViewInterceptor - spring.jpa.open-in-view is enabled by default. Therefore, database queries may be performed during view rendering. Explicitly configure spring.jpa.open-in-view to disable this warning
24-09-2019 12:23:50.496 [restartedMain] DEBUG o.h.s.internal.StatisticsInitiator.initiateServiceInternal - Statistics initialized [enabled=true]
24-09-2019 12:23:50.923 [restartedMain] WARN  o.s.b.a.o.j.JpaBaseConfiguration$JpaWebConfiguration$JpaWebMvcConfiguration.openEntityManagerInViewInterceptor - spring.jpa.open-in-view is enabled by default. Therefore, database queries may be performed during view rendering. Explicitly configure spring.jpa.open-in-view to disable this warning
24-09-2019 16:23:01.796 [restartedMain] DEBUG o.h.s.internal.StatisticsInitiator.initiateServiceInternal - Statistics initialized [enabled=true]
24-09-2019 16:23:02.742 [restartedMain] WARN  o.s.b.a.o.j.JpaBaseConfiguration$JpaWebConfiguration$JpaWebMvcConfiguration.openEntityManagerInViewInterceptor - spring.jpa.open-in-view is enabled by default. Therefore, database queries may be performed during view rendering. Explicitly configure spring.jpa.open-in-view to disable this warning
24-09-2019 16:24:22.570 [http-nio-8080-exec-2] DEBUG o.h.stat.internal.StatisticsImpl.queryExecuted - HHH000117: HQL: select generatedAlias0 from Comida as generatedAlias0, time: 283ms, rows: 3
24-09-2019 16:24:22.578 [http-nio-8080-exec-2] DEBUG o.h.stat.internal.StatisticsImpl.queryExecuted - HHH000117: HQL: select generatedAlias0 from Comida as generatedAlias0, time: 1ms, rows: 3
24-09-2019 16:24:22.583 [http-nio-8080-exec-2] DEBUG o.h.stat.internal.StatisticsImpl.queryExecuted - HHH000117: HQL: select generatedAlias0 from Comida as generatedAlias0, time: 1ms, rows: 3
24-09-2019 16:24:22.589 [http-nio-8080-exec-2] DEBUG o.h.stat.internal.StatisticsImpl.queryExecuted - HHH000117: HQL: select generatedAlias0 from Comida as generatedAlias0, time: 1ms, rows: 3
24-09-2019 16:24:22.593 [http-nio-8080-exec-2] DEBUG o.h.stat.internal.StatisticsImpl.queryExecuted - HHH000117: HQL: select generatedAlias0 from Comida as generatedAlias0, time: 1ms, rows: 3
24-09-2019 16:24:22.599 [http-nio-8080-exec-2] DEBUG o.h.stat.internal.StatisticsImpl.queryExecuted - HHH000117: HQL: select generatedAlias0 from Comida as generatedAlias0, time: 2ms, rows: 3
24-09-2019 16:24:22.604 [http-nio-8080-exec-2] DEBUG o.h.stat.internal.StatisticsImpl.queryExecuted - HHH000117: HQL: select generatedAlias0 from Comida as generatedAlias0, time: 2ms, rows: 3
24-09-2019 16:24:22.609 [http-nio-8080-exec-2] DEBUG o.h.stat.internal.StatisticsImpl.queryExecuted - HHH000117: HQL: select generatedAlias0 from Comida as generatedAlias0, time: 1ms, rows: 3
24-09-2019 16:25:48.483 [restartedMain] WARN  o.s.b.a.o.j.JpaBaseConfiguration$JpaWebConfiguration$JpaWebMvcConfiguration.openEntityManagerInViewInterceptor - spring.jpa.open-in-view is enabled by default. Therefore, database queries may be performed during view rendering. Explicitly configure spring.jpa.open-in-view to disable this warning
24-09-2019 16:28:31.477 [restartedMain] WARN  o.s.b.a.o.j.JpaBaseConfiguration$JpaWebConfiguration$JpaWebMvcConfiguration.openEntityManagerInViewInterceptor - spring.jpa.open-in-view is enabled by default. Therefore, database queries may be performed during view rendering. Explicitly configure spring.jpa.open-in-view to disable this warning
24-09-2019 16:28:45.404 [http-nio-8080-exec-1] INFO  c.e.demo.business.ComidaBusiness.list - La lista de comidas es
24-09-2019 16:28:45.775 [http-nio-8080-exec-1] INFO  c.e.demo.business.ComidaBusiness.list - Comida  :0 com.example.demo.model.Comida@40ef028c
24-09-2019 16:28:45.783 [http-nio-8080-exec-1] INFO  c.e.demo.business.ComidaBusiness.list - Comida  :1 com.example.demo.model.Comida@1f106e20
24-09-2019 16:28:45.793 [http-nio-8080-exec-1] INFO  c.e.demo.business.ComidaBusiness.list - Comida  :2 com.example.demo.model.Comida@e9fd3da
24-09-2019 16:30:24.864 [restartedMain] WARN  o.s.b.a.o.j.JpaBaseConfiguration$JpaWebConfiguration$JpaWebMvcConfiguration.openEntityManagerInViewInterceptor - spring.jpa.open-in-view is enabled by default. Therefore, database queries may be performed during view rendering. Explicitly configure spring.jpa.open-in-view to disable this warning
24-09-2019 16:30:30.203 [http-nio-8080-exec-1] INFO  c.e.demo.business.ComidaBusiness.list - La lista de comidas es
24-09-2019 16:30:30.554 [http-nio-8080-exec-1] INFO  c.e.demo.business.ComidaBusiness.list - Comida  :0 Comida [id=1, nombre=Helado, precio=75.4, cantidad=1, unidad=Kilogramos, restaurante=com.example.demo.model.Restaurante@bf5c5ab]
24-09-2019 16:30:30.565 [http-nio-8080-exec-1] INFO  c.e.demo.business.ComidaBusiness.list - Comida  :1 Comida [id=2, nombre=Pizza, precio=120.0, cantidad=1, unidad=Kilogramos, restaurante=com.example.demo.model.Restaurante@6c760e3b]
24-09-2019 16:30:30.574 [http-nio-8080-exec-1] INFO  c.e.demo.business.ComidaBusiness.list - Comida  :2 Comida [id=3, nombre=Hamburguesa, precio=80.0, cantidad=1, unidad=Kilogramos, restaurante=com.example.demo.model.Restaurante@bf5c5ab]
24-09-2019 16:36:11.958 [restartedMain] WARN  o.s.b.a.o.j.JpaBaseConfiguration$JpaWebConfiguration$JpaWebMvcConfiguration.openEntityManagerInViewInterceptor - spring.jpa.open-in-view is enabled by default. Therefore, database queries may be performed during view rendering. Explicitly configure spring.jpa.open-in-view to disable this warning
24-09-2019 16:36:16.271 [restartedMain] WARN  o.s.b.d.a.OptionalLiveReloadServer.startServer - Unable to start LiveReload server
24-09-2019 16:36:16.759 [restartedMain] WARN  o.s.b.a.o.j.JpaBaseConfiguration$JpaWebConfiguration$JpaWebMvcConfiguration.openEntityManagerInViewInterceptor - spring.jpa.open-in-view is enabled by default. Therefore, database queries may be performed during view rendering. Explicitly configure spring.jpa.open-in-view to disable this warning
24-09-2019 16:36:16.928 [restartedMain] ERROR o.apache.catalina.util.LifecycleBase.log - Failed to start component [Connector[HTTP/1.1-8080]]
org.apache.catalina.LifecycleException: Protocol handler start failed
	at org.apache.catalina.connector.Connector.startInternal(Connector.java:1008)
	at org.apache.catalina.util.LifecycleBase.start(LifecycleBase.java:183)
	at org.apache.catalina.core.StandardService.addConnector(StandardService.java:227)
	at org.springframework.boot.web.embedded.tomcat.TomcatWebServer.addPreviouslyRemovedConnectors(TomcatWebServer.java:263)
	at org.springframework.boot.web.embedded.tomcat.TomcatWebServer.start(TomcatWebServer.java:195)
	at org.springframework.boot.web.servlet.context.ServletWebServerApplicationContext.startWebServer(ServletWebServerApplicationContext.java:297)
	at org.springframework.boot.web.servlet.context.ServletWebServerApplicationContext.finishRefresh(ServletWebServerApplicationContext.java:163)
	at org.springframework.context.support.AbstractApplicationContext.refresh(AbstractApplicationContext.java:552)
	at org.springframework.boot.web.servlet.context.ServletWebServerApplicationContext.refresh(ServletWebServerApplicationContext.java:141)
	at org.springframework.boot.SpringApplication.refresh(SpringApplication.java:743)
	at org.springframework.boot.SpringApplication.refreshContext(SpringApplication.java:390)
	at org.springframework.boot.SpringApplication.run(SpringApplication.java:312)
	at org.springframework.boot.SpringApplication.run(SpringApplication.java:1214)
	at org.springframework.boot.SpringApplication.run(SpringApplication.java:1203)
	at com.example.demo.DemoApplication.main(DemoApplication.java:13)
	at sun.reflect.NativeMethodAccessorImpl.invoke0(Native Method)
	at sun.reflect.NativeMethodAccessorImpl.invoke(NativeMethodAccessorImpl.java:62)
	at sun.reflect.DelegatingMethodAccessorImpl.invoke(DelegatingMethodAccessorImpl.java:43)
	at java.lang.reflect.Method.invoke(Method.java:498)
	at org.springframework.boot.devtools.restart.RestartLauncher.run(RestartLauncher.java:49)
Caused by: java.net.BindException: La dirección ya se está usando
	at sun.nio.ch.Net.bind0(Native Method)
	at sun.nio.ch.Net.bind(Net.java:433)
	at sun.nio.ch.Net.bind(Net.java:425)
	at sun.nio.ch.ServerSocketChannelImpl.bind(ServerSocketChannelImpl.java:223)
	at sun.nio.ch.ServerSocketAdaptor.bind(ServerSocketAdaptor.java:74)
	at org.apache.tomcat.util.net.NioEndpoint.initServerSocket(NioEndpoint.java:230)
	at org.apache.tomcat.util.net.NioEndpoint.bind(NioEndpoint.java:213)
	at org.apache.tomcat.util.net.AbstractEndpoint.bindWithCleanup(AbstractEndpoint.java:1124)
	at org.apache.tomcat.util.net.AbstractEndpoint.start(AbstractEndpoint.java:1210)
	at org.apache.coyote.AbstractProtocol.start(AbstractProtocol.java:585)
	at org.apache.catalina.connector.Connector.startInternal(Connector.java:1005)
	... 19 common frames omitted
24-09-2019 16:36:16.946 [restartedMain] ERROR o.s.b.d.LoggingFailureAnalysisReporter.report - 

***************************
APPLICATION FAILED TO START
***************************

Description:

The Tomcat connector configured to listen on port 8080 failed to start. The port may already be in use or the connector may be misconfigured.

Action:

Verify the connector's configuration, identify and stop any process that's listening on port 8080, or configure this application to listen on another port.

24-09-2019 16:36:30.981 [restartedMain] WARN  o.s.b.a.o.j.JpaBaseConfiguration$JpaWebConfiguration$JpaWebMvcConfiguration.openEntityManagerInViewInterceptor - spring.jpa.open-in-view is enabled by default. Therefore, database queries may be performed during view rendering. Explicitly configure spring.jpa.open-in-view to disable this warning
24-09-2019 16:36:41.336 [http-nio-8080-exec-1] INFO  c.e.demo.business.ComidaBusiness.list - [com.example.demo.web.ComidaRestController.list(ComidaRestController.java:34)] [com.example.demo.business.ComidaBusiness.list(ComidaBusiness.java:26)] [ [Comida [id=1, nombre=Helado, precio=75.4, cantidad=1, unidad=Kilogramos, restaurante=com.example.demo.model.Restaurante@613e179f], Comida [id=2, nombre=Pizza, precio=120.0, cantidad=1, unidad=Kilogramos, restaurante=com.example.demo.model.Restaurante@7f240882], Comida [id=3, nombre=Hamburguesa, precio=80.0, cantidad=1, unidad=Kilogramos, restaurante=com.example.demo.model.Restaurante@613e179f]] ]
24-09-2019 16:43:15.246 [restartedMain] WARN  o.s.b.a.o.j.JpaBaseConfiguration$JpaWebConfiguration$JpaWebMvcConfiguration.openEntityManagerInViewInterceptor - spring.jpa.open-in-view is enabled by default. Therefore, database queries may be performed during view rendering. Explicitly configure spring.jpa.open-in-view to disable this warning
24-09-2019 16:43:54.616 [restartedMain] WARN  o.s.b.a.o.j.JpaBaseConfiguration$JpaWebConfiguration$JpaWebMvcConfiguration.openEntityManagerInViewInterceptor - spring.jpa.open-in-view is enabled by default. Therefore, database queries may be performed during view rendering. Explicitly configure spring.jpa.open-in-view to disable this warning
24-09-2019 16:45:55.327 [http-nio-8080-exec-1] INFO  c.e.demo.business.ComidaBusiness.list - [com.example.demo.web.ComidaRestController.list(ComidaRestController.java:34)] [com.example.demo.business.ComidaBusiness.list(ComidaBusiness.java:26)] [ [Comida [id=1, nombre=Helado, precio=75.4, cantidad=1, unidad=Kilogramos, restaurante=com.example.demo.model.Restaurante@383175b1], Comida [id=2, nombre=Pizza, precio=120.0, cantidad=1, unidad=Kilogramos, restaurante=com.example.demo.model.Restaurante@7a62c9e9], Comida [id=3, nombre=Hamburguesa, precio=80.0, cantidad=1, unidad=Kilogramos, restaurante=com.example.demo.model.Restaurante@383175b1]] ]
24-09-2019 16:46:53.592 [http-nio-8080-exec-2] WARN  o.s.w.s.m.s.DefaultHandlerExceptionResolver.logException - Resolved [org.springframework.web.HttpRequestMethodNotSupportedException: Request method 'GET' not supported]
24-09-2019 16:46:57.372 [http-nio-8080-exec-3] INFO  c.e.demo.business.ComidaBusiness.list - [com.example.demo.web.ComidaRestController.list(ComidaRestController.java:34)] [com.example.demo.business.ComidaBusiness.list(ComidaBusiness.java:26)] [ [Comida [id=1, nombre=Helado, precio=75.4, cantidad=1, unidad=Kilogramos, restaurante=com.example.demo.model.Restaurante@6ac19538], Comida [id=2, nombre=Pizza, precio=120.0, cantidad=1, unidad=Kilogramos, restaurante=com.example.demo.model.Restaurante@7eae5694], Comida [id=3, nombre=Hamburguesa, precio=80.0, cantidad=1, unidad=Kilogramos, restaurante=com.example.demo.model.Restaurante@6ac19538]] ]
24-09-2019 16:47:43.318 [restartedMain] WARN  o.s.b.a.o.j.JpaBaseConfiguration$JpaWebConfiguration$JpaWebMvcConfiguration.openEntityManagerInViewInterceptor - spring.jpa.open-in-view is enabled by default. Therefore, database queries may be performed during view rendering. Explicitly configure spring.jpa.open-in-view to disable this warning
24-09-2019 16:47:56.795 [restartedMain] WARN  o.s.b.a.o.j.JpaBaseConfiguration$JpaWebConfiguration$JpaWebMvcConfiguration.openEntityManagerInViewInterceptor - spring.jpa.open-in-view is enabled by default. Therefore, database queries may be performed during view rendering. Explicitly configure spring.jpa.open-in-view to disable this warning
24-09-2019 16:48:01.198 [http-nio-8080-exec-1] INFO  c.e.demo.business.ComidaBusiness.list - [com.example.demo.web.ComidaRestController.list(ComidaRestController.java:34)] [com.example.demo.business.ComidaBusiness.list(ComidaBusiness.java:26)] [ [Comida [id=1, nombre=Helado, precio=75.4, cantidad=1, unidad=Kilogramos, restaurante=com.example.demo.model.Restaurante@fbae299], Comida [id=2, nombre=Pizza, precio=120.0, cantidad=1, unidad=Kilogramos, restaurante=com.example.demo.model.Restaurante@37d3e292], Comida [id=3, nombre=Hamburguesa, precio=80.0, cantidad=1, unidad=Kilogramos, restaurante=com.example.demo.model.Restaurante@fbae299]] ]
24-09-2019 16:48:04.806 [http-nio-8080-exec-2] WARN  o.s.w.s.m.s.DefaultHandlerExceptionResolver.logException - Resolved [org.springframework.web.HttpRequestMethodNotSupportedException: Request method 'GET' not supported]
24-09-2019 16:53:38.895 [restartedMain] WARN  o.s.b.a.o.j.JpaBaseConfiguration$JpaWebConfiguration$JpaWebMvcConfiguration.openEntityManagerInViewInterceptor - spring.jpa.open-in-view is enabled by default. Therefore, database queries may be performed during view rendering. Explicitly configure spring.jpa.open-in-view to disable this warning
24-09-2019 16:53:48.203 [restartedMain] WARN  o.s.b.a.o.j.JpaBaseConfiguration$JpaWebConfiguration$JpaWebMvcConfiguration.openEntityManagerInViewInterceptor - spring.jpa.open-in-view is enabled by default. Therefore, database queries may be performed during view rendering. Explicitly configure spring.jpa.open-in-view to disable this warning
24-09-2019 16:53:54.543 [http-nio-8080-exec-1] INFO  c.e.demo.business.ComidaBusiness.load - [com.example.demo.web.ComidaRestController.load(ComidaRestController.java:43)][com.example.demo.business.ComidaBusiness.load(ComidaBusiness.java:38)]SE enc0ntrpo la comida: Comida [id=2, nombre=Pizza, precio=120.0, cantidad=1, unidad=Kilogramos, restaurante=com.example.demo.model.Restaurante@6e68ea8e]
24-09-2019 16:54:46.646 [http-nio-8080-exec-3] INFO  c.e.demo.business.ComidaBusiness.load - [com.example.demo.web.ComidaRestController.load(ComidaRestController.java:43)][com.example.demo.business.ComidaBusiness.load(ComidaBusiness.java:38)]SE enc0ntrpo la comida: Comida [id=2, nombre=Pizza, precio=120.0, cantidad=1, unidad=Kilogramos, restaurante=com.example.demo.model.Restaurante@7eb7e807]
24-09-2019 16:57:40.227 [restartedMain] WARN  o.s.b.a.o.j.JpaBaseConfiguration$JpaWebConfiguration$JpaWebMvcConfiguration.openEntityManagerInViewInterceptor - spring.jpa.open-in-view is enabled by default. Therefore, database queries may be performed during view rendering. Explicitly configure spring.jpa.open-in-view to disable this warning
24-09-2019 16:57:46.783 [http-nio-8080-exec-1] INFO  c.e.demo.business.ComidaBusiness.load - [com.example.demo.web.ComidaRestController.load(ComidaRestController.java:43)][com.example.demo.business.ComidaBusiness.load(ComidaBusiness.java:38)]SE enc0ntrpo la comida: Comida [id=2, nombre=Pizza, precio=120.0, cantidad=1, unidad=Kilogramos, restaurante=com.example.demo.model.Restaurante@764916]
24-09-2019 16:58:22.387 [http-nio-8080-exec-3] INFO  c.e.demo.business.ComidaBusiness.load - [com.example.demo.web.ComidaRestController.load(ComidaRestController.java:43)][com.example.demo.business.ComidaBusiness.load(ComidaBusiness.java:38)]SE enc0ntrpo la comida: Comida [id=2, nombre=Pizza, precio=120.0, cantidad=1, unidad=Kilogramos, restaurante=com.example.demo.model.Restaurante@7ec1efd]
24-09-2019 16:59:16.959 [restartedMain] WARN  o.s.b.a.o.j.JpaBaseConfiguration$JpaWebConfiguration$JpaWebMvcConfiguration.openEntityManagerInViewInterceptor - spring.jpa.open-in-view is enabled by default. Therefore, database queries may be performed during view rendering. Explicitly configure spring.jpa.open-in-view to disable this warning
24-09-2019 17:29:40.038 [restartedMain] WARN  o.s.b.a.o.j.JpaBaseConfiguration$JpaWebConfiguration$JpaWebMvcConfiguration.openEntityManagerInViewInterceptor - spring.jpa.open-in-view is enabled by default. Therefore, database queries may be performed during view rendering. Explicitly configure spring.jpa.open-in-view to disable this warning
24-09-2019 17:32:26.101 [restartedMain] WARN  o.s.b.a.o.j.JpaBaseConfiguration$JpaWebConfiguration$JpaWebMvcConfiguration.openEntityManagerInViewInterceptor - spring.jpa.open-in-view is enabled by default. Therefore, database queries may be performed during view rendering. Explicitly configure spring.jpa.open-in-view to disable this warning
24-09-2019 17:34:34.605 [restartedMain] WARN  o.s.b.a.o.j.JpaBaseConfiguration$JpaWebConfiguration$JpaWebMvcConfiguration.openEntityManagerInViewInterceptor - spring.jpa.open-in-view is enabled by default. Therefore, database queries may be performed during view rendering. Explicitly configure spring.jpa.open-in-view to disable this warning
24-09-2019 17:37:42.401 [restartedMain] WARN  o.s.b.a.o.j.JpaBaseConfiguration$JpaWebConfiguration$JpaWebMvcConfiguration.openEntityManagerInViewInterceptor - spring.jpa.open-in-view is enabled by default. Therefore, database queries may be performed during view rendering. Explicitly configure spring.jpa.open-in-view to disable this warning
24-09-2019 17:38:53.439 [restartedMain] WARN  o.s.b.a.o.j.JpaBaseConfiguration$JpaWebConfiguration$JpaWebMvcConfiguration.openEntityManagerInViewInterceptor - spring.jpa.open-in-view is enabled by default. Therefore, database queries may be performed during view rendering. Explicitly configure spring.jpa.open-in-view to disable this warning
24-09-2019 17:52:56.230 [restartedMain] WARN  o.s.b.a.o.j.JpaBaseConfiguration$JpaWebConfiguration$JpaWebMvcConfiguration.openEntityManagerInViewInterceptor - spring.jpa.open-in-view is enabled by default. Therefore, database queries may be performed during view rendering. Explicitly configure spring.jpa.open-in-view to disable this warning
24-09-2019 17:53:06.660 [http-nio-8080-exec-1] INFO  c.e.d.business.RestauranteBusiness.list - [com.example.demo.web.RestauranteRestController.list(RestauranteRestController.java:35)] [com.example.demo.business.RestauranteBusiness.list(RestauranteBusiness.java:26)]
24-09-2019 18:04:25.289 [restartedMain] WARN  o.s.b.a.o.j.JpaBaseConfiguration$JpaWebConfiguration$JpaWebMvcConfiguration.openEntityManagerInViewInterceptor - spring.jpa.open-in-view is enabled by default. Therefore, database queries may be performed during view rendering. Explicitly configure spring.jpa.open-in-view to disable this warning
24-09-2019 18:04:39.308 [http-nio-8080-exec-3] INFO  c.e.d.business.RestauranteBusiness.list - [com.example.demo.web.RestauranteRestController.list(RestauranteRestController.java:35)] [com.example.demo.business.RestauranteBusiness.list(RestauranteBusiness.java:26)]
24-09-2019 18:13:35.740 [http-nio-8080-exec-6] INFO  c.e.d.business.RestauranteBusiness.list - [com.example.demo.web.RestauranteRestController.list(RestauranteRestController.java:35)] [com.example.demo.business.RestauranteBusiness.list(RestauranteBusiness.java:26)]
24-09-2019 18:26:13.934 [http-nio-8080-exec-7] INFO  c.e.demo.business.ComidaBusiness.findFirstByOrderByPrecioAsc - [com.example.demo.web.ComidaRestController.loadByComidas(ComidaRestController.java:68)] [com.example.demo.business.ComidaBusiness.findFirstByOrderByPrecioAsc(ComidaBusiness.java:105)]
24-09-2019 18:26:25.895 [http-nio-8080-exec-8] INFO  c.e.demo.business.ComidaBusiness.list - [com.example.demo.web.ComidaRestController.list(ComidaRestController.java:34)] [com.example.demo.business.ComidaBusiness.list(ComidaBusiness.java:26)] [ [Comida [id=1, nombre=Helado, precio=75.4, cantidad=1, unidad=Kilogramos, restaurante=com.example.demo.model.Restaurante@4adf8388], Comida [id=2, nombre=Pizza, precio=120.0, cantidad=1, unidad=Kilogramos, restaurante=com.example.demo.model.Restaurante@4d6af414], Comida [id=3, nombre=Hamburguesa, precio=80.0, cantidad=1, unidad=Kilogramos, restaurante=com.example.demo.model.Restaurante@4adf8388]] ]
24-09-2019 18:27:05.983 [http-nio-8080-exec-9] INFO  c.e.d.business.RestauranteBusiness.list - [com.example.demo.web.RestauranteRestController.list(RestauranteRestController.java:35)] [com.example.demo.business.RestauranteBusiness.list(RestauranteBusiness.java:26)]
24-09-2019 18:27:49.707 [http-nio-8080-exec-10] INFO  c.e.demo.business.ComidaBusiness.findFirstByRestauranteNombreOrderByPrecioDesc - [com.example.demo.web.ComidaRestController.loadByComidas(ComidaRestController.java:98)] [com.example.demo.business.ComidaBusiness.findFirstByRestauranteNombreOrderByPrecioDesc(ComidaBusiness.java:145)]
24-09-2019 18:30:20.651 [http-nio-8080-exec-2] WARN  o.s.w.s.m.s.DefaultHandlerExceptionResolver.logException - Resolved [org.springframework.web.bind.MissingServletRequestParameterException: Required String parameter 'res' is not present]
24-09-2019 18:30:31.488 [http-nio-8080-exec-5] INFO  c.e.demo.business.ComidaBusiness.findByRestauranteNombre - [com.example.demo.web.ComidaRestController.loadByRestaurante(ComidaRestController.java:54)] [com.example.demo.business.ComidaBusiness.findByRestauranteNombre(ComidaBusiness.java:92)]
24-09-2019 18:31:57.696 [http-nio-8080-exec-9] INFO  c.e.d.business.RestauranteBusiness.list - [com.example.demo.web.RestauranteRestController.list(RestauranteRestController.java:35)] [com.example.demo.business.RestauranteBusiness.list(RestauranteBusiness.java:26)]
24-09-2019 18:36:38.267 [restartedMain] WARN  o.s.b.a.o.j.JpaBaseConfiguration$JpaWebConfiguration$JpaWebMvcConfiguration.openEntityManagerInViewInterceptor - spring.jpa.open-in-view is enabled by default. Therefore, database queries may be performed during view rendering. Explicitly configure spring.jpa.open-in-view to disable this warning
24-09-2019 18:36:49.607 [restartedMain] WARN  o.s.b.a.o.j.JpaBaseConfiguration$JpaWebConfiguration$JpaWebMvcConfiguration.openEntityManagerInViewInterceptor - spring.jpa.open-in-view is enabled by default. Therefore, database queries may be performed during view rendering. Explicitly configure spring.jpa.open-in-view to disable this warning
24-09-2019 18:37:21.950 [http-nio-8080-exec-3] INFO  c.e.d.business.RestauranteBusiness.list - [com.example.demo.web.RestauranteRestController.list(RestauranteRestController.java:35)] [com.example.demo.business.RestauranteBusiness.list(RestauranteBusiness.java:26)]
24-09-2019 18:40:56.906 [http-nio-8080-exec-7] INFO  c.e.demo.business.ComidaBusiness.save - [com.example.demo.web.ComidaRestController.insert(ComidaRestController.java:113)] [com.example.demo.business.ComidaBusiness.save(ComidaBusiness.java:56)]
24-09-2019 18:41:03.654 [http-nio-8080-exec-8] INFO  c.e.demo.business.ComidaBusiness.list - [com.example.demo.web.ComidaRestController.list(ComidaRestController.java:34)] [com.example.demo.business.ComidaBusiness.list(ComidaBusiness.java:26)] [ [Comida [id=1, nombre=Helado, precio=75.4, cantidad=1, unidad=Kilogramos, restaurante=com.example.demo.model.Restaurante@34031988], Comida [id=2, nombre=Pizza, precio=120.0, cantidad=1, unidad=Kilogramos, restaurante=com.example.demo.model.Restaurante@441a0328], Comida [id=3, nombre=Hamburguesa, precio=80.0, cantidad=1, unidad=Kilogramos, restaurante=com.example.demo.model.Restaurante@34031988], Comida [id=4, nombre=Empanadas, precio=125.0, cantidad=12, unidad=unidad, restaurante=com.example.demo.model.Restaurante@2e0a5edd]] ]
24-09-2019 18:41:17.207 [http-nio-8080-exec-9] INFO  c.e.d.business.RestauranteBusiness.list - [com.example.demo.web.RestauranteRestController.list(RestauranteRestController.java:35)] [com.example.demo.business.RestauranteBusiness.list(RestauranteBusiness.java:26)]
24-09-2019 18:43:35.600 [http-nio-8080-exec-3] WARN  o.s.w.s.m.s.DefaultHandlerExceptionResolver.logException - Resolved [org.springframework.http.converter.HttpMessageNotReadableException: JSON parse error: Cannot deserialize instance of `com.example.demo.model.Restaurante` out of START_ARRAY token; nested exception is com.fasterxml.jackson.databind.exc.MismatchedInputException: Cannot deserialize instance of `com.example.demo.model.Restaurante` out of START_ARRAY token
 at [Source: (PushbackInputStream); line: 1, column: 1]]
24-09-2019 19:31:19.278 [restartedMain] WARN  o.s.b.a.o.j.JpaBaseConfiguration$JpaWebConfiguration$JpaWebMvcConfiguration.openEntityManagerInViewInterceptor - spring.jpa.open-in-view is enabled by default. Therefore, database queries may be performed during view rendering. Explicitly configure spring.jpa.open-in-view to disable this warning
24-09-2019 19:35:16.998 [http-nio-8080-exec-2] INFO  c.e.d.business.RestauranteBusiness.list - [com.example.demo.web.RestauranteRestController.list(RestauranteRestController.java:35)] [com.example.demo.business.RestauranteBusiness.list(RestauranteBusiness.java:26)]
24-09-2019 19:36:47.454 [restartedMain] WARN  o.s.b.w.s.c.AnnotationConfigServletWebServerApplicationContext.refresh - Exception encountered during context initialization - cancelling refresh attempt: org.springframework.beans.factory.UnsatisfiedDependencyException: Error creating bean with name 'restauranteBusiness': Unsatisfied dependency expressed through field 'restauranteDAO'; nested exception is org.springframework.beans.factory.BeanCreationException: Error creating bean with name 'restauranteRepository': Invocation of init method failed; nested exception is java.lang.IllegalArgumentException: Failed to create query for method public abstract java.util.List com.example.demo.persistence.RestauranteRepository.findAllByOpeningTimeLessThan(java.lang.String)! No property openingTime found for type Restaurante!
24-09-2019 19:36:47.480 [restartedMain] ERROR o.s.boot.SpringApplication.reportFailure - Application run failed
org.springframework.beans.factory.UnsatisfiedDependencyException: Error creating bean with name 'restauranteBusiness': Unsatisfied dependency expressed through field 'restauranteDAO'; nested exception is org.springframework.beans.factory.BeanCreationException: Error creating bean with name 'restauranteRepository': Invocation of init method failed; nested exception is java.lang.IllegalArgumentException: Failed to create query for method public abstract java.util.List com.example.demo.persistence.RestauranteRepository.findAllByOpeningTimeLessThan(java.lang.String)! No property openingTime found for type Restaurante!
	at org.springframework.beans.factory.annotation.AutowiredAnnotationBeanPostProcessor$AutowiredFieldElement.inject(AutowiredAnnotationBeanPostProcessor.java:596) ~[spring-beans-5.1.9.RELEASE.jar:5.1.9.RELEASE]
	at org.springframework.beans.factory.annotation.InjectionMetadata.inject(InjectionMetadata.java:90) ~[spring-beans-5.1.9.RELEASE.jar:5.1.9.RELEASE]
	at org.springframework.beans.factory.annotation.AutowiredAnnotationBeanPostProcessor.postProcessProperties(AutowiredAnnotationBeanPostProcessor.java:374) ~[spring-beans-5.1.9.RELEASE.jar:5.1.9.RELEASE]
	at org.springframework.beans.factory.support.AbstractAutowireCapableBeanFactory.populateBean(AbstractAutowireCapableBeanFactory.java:1411) ~[spring-beans-5.1.9.RELEASE.jar:5.1.9.RELEASE]
	at org.springframework.beans.factory.support.AbstractAutowireCapableBeanFactory.doCreateBean(AbstractAutowireCapableBeanFactory.java:592) ~[spring-beans-5.1.9.RELEASE.jar:5.1.9.RELEASE]
	at org.springframework.beans.factory.support.AbstractAutowireCapableBeanFactory.createBean(AbstractAutowireCapableBeanFactory.java:515) ~[spring-beans-5.1.9.RELEASE.jar:5.1.9.RELEASE]
	at org.springframework.beans.factory.support.AbstractBeanFactory.lambda$doGetBean$0(AbstractBeanFactory.java:320) ~[spring-beans-5.1.9.RELEASE.jar:5.1.9.RELEASE]
	at org.springframework.beans.factory.support.DefaultSingletonBeanRegistry.getSingleton(DefaultSingletonBeanRegistry.java:222) ~[spring-beans-5.1.9.RELEASE.jar:5.1.9.RELEASE]
	at org.springframework.beans.factory.support.AbstractBeanFactory.doGetBean(AbstractBeanFactory.java:318) ~[spring-beans-5.1.9.RELEASE.jar:5.1.9.RELEASE]
	at org.springframework.beans.factory.support.AbstractBeanFactory.getBean(AbstractBeanFactory.java:199) ~[spring-beans-5.1.9.RELEASE.jar:5.1.9.RELEASE]
	at org.springframework.beans.factory.support.DefaultListableBeanFactory.preInstantiateSingletons(DefaultListableBeanFactory.java:845) ~[spring-beans-5.1.9.RELEASE.jar:5.1.9.RELEASE]
	at org.springframework.context.support.AbstractApplicationContext.finishBeanFactoryInitialization(AbstractApplicationContext.java:877) ~[spring-context-5.1.9.RELEASE.jar:5.1.9.RELEASE]
	at org.springframework.context.support.AbstractApplicationContext.refresh(AbstractApplicationContext.java:549) ~[spring-context-5.1.9.RELEASE.jar:5.1.9.RELEASE]
	at org.springframework.boot.web.servlet.context.ServletWebServerApplicationContext.refresh(ServletWebServerApplicationContext.java:141) ~[spring-boot-2.1.7.RELEASE.jar:2.1.7.RELEASE]
	at org.springframework.boot.SpringApplication.refresh(SpringApplication.java:743) [spring-boot-2.1.7.RELEASE.jar:2.1.7.RELEASE]
	at org.springframework.boot.SpringApplication.refreshContext(SpringApplication.java:390) [spring-boot-2.1.7.RELEASE.jar:2.1.7.RELEASE]
	at org.springframework.boot.SpringApplication.run(SpringApplication.java:312) [spring-boot-2.1.7.RELEASE.jar:2.1.7.RELEASE]
	at org.springframework.boot.SpringApplication.run(SpringApplication.java:1214) [spring-boot-2.1.7.RELEASE.jar:2.1.7.RELEASE]
	at org.springframework.boot.SpringApplication.run(SpringApplication.java:1203) [spring-boot-2.1.7.RELEASE.jar:2.1.7.RELEASE]
	at com.example.demo.DemoApplication.main(DemoApplication.java:13) [classes/:na]
	at sun.reflect.NativeMethodAccessorImpl.invoke0(Native Method) ~[na:1.8.0_201]
	at sun.reflect.NativeMethodAccessorImpl.invoke(NativeMethodAccessorImpl.java:62) ~[na:1.8.0_201]
	at sun.reflect.DelegatingMethodAccessorImpl.invoke(DelegatingMethodAccessorImpl.java:43) ~[na:1.8.0_201]
	at java.lang.reflect.Method.invoke(Method.java:498) ~[na:1.8.0_201]
	at org.springframework.boot.devtools.restart.RestartLauncher.run(RestartLauncher.java:49) [spring-boot-devtools-2.1.7.RELEASE.jar:2.1.7.RELEASE]
Caused by: org.springframework.beans.factory.BeanCreationException: Error creating bean with name 'restauranteRepository': Invocation of init method failed; nested exception is java.lang.IllegalArgumentException: Failed to create query for method public abstract java.util.List com.example.demo.persistence.RestauranteRepository.findAllByOpeningTimeLessThan(java.lang.String)! No property openingTime found for type Restaurante!
	at org.springframework.beans.factory.support.AbstractAutowireCapableBeanFactory.initializeBean(AbstractAutowireCapableBeanFactory.java:1778) ~[spring-beans-5.1.9.RELEASE.jar:5.1.9.RELEASE]
	at org.springframework.beans.factory.support.AbstractAutowireCapableBeanFactory.doCreateBean(AbstractAutowireCapableBeanFactory.java:593) ~[spring-beans-5.1.9.RELEASE.jar:5.1.9.RELEASE]
	at org.springframework.beans.factory.support.AbstractAutowireCapableBeanFactory.createBean(AbstractAutowireCapableBeanFactory.java:515) ~[spring-beans-5.1.9.RELEASE.jar:5.1.9.RELEASE]
	at org.springframework.beans.factory.support.AbstractBeanFactory.lambda$doGetBean$0(AbstractBeanFactory.java:320) ~[spring-beans-5.1.9.RELEASE.jar:5.1.9.RELEASE]
	at org.springframework.beans.factory.support.DefaultSingletonBeanRegistry.getSingleton(DefaultSingletonBeanRegistry.java:222) ~[spring-beans-5.1.9.RELEASE.jar:5.1.9.RELEASE]
	at org.springframework.beans.factory.support.AbstractBeanFactory.doGetBean(AbstractBeanFactory.java:318) ~[spring-beans-5.1.9.RELEASE.jar:5.1.9.RELEASE]
	at org.springframework.beans.factory.support.AbstractBeanFactory.getBean(AbstractBeanFactory.java:199) ~[spring-beans-5.1.9.RELEASE.jar:5.1.9.RELEASE]
	at org.springframework.beans.factory.config.DependencyDescriptor.resolveCandidate(DependencyDescriptor.java:277) ~[spring-beans-5.1.9.RELEASE.jar:5.1.9.RELEASE]
	at org.springframework.beans.factory.support.DefaultListableBeanFactory.doResolveDependency(DefaultListableBeanFactory.java:1251) ~[spring-beans-5.1.9.RELEASE.jar:5.1.9.RELEASE]
	at org.springframework.beans.factory.support.DefaultListableBeanFactory.resolveDependency(DefaultListableBeanFactory.java:1171) ~[spring-beans-5.1.9.RELEASE.jar:5.1.9.RELEASE]
	at org.springframework.beans.factory.annotation.AutowiredAnnotationBeanPostProcessor$AutowiredFieldElement.inject(AutowiredAnnotationBeanPostProcessor.java:593) ~[spring-beans-5.1.9.RELEASE.jar:5.1.9.RELEASE]
	... 24 common frames omitted
Caused by: java.lang.IllegalArgumentException: Failed to create query for method public abstract java.util.List com.example.demo.persistence.RestauranteRepository.findAllByOpeningTimeLessThan(java.lang.String)! No property openingTime found for type Restaurante!
	at org.springframework.data.jpa.repository.query.PartTreeJpaQuery.<init>(PartTreeJpaQuery.java:84) ~[spring-data-jpa-2.1.10.RELEASE.jar:2.1.10.RELEASE]
	at org.springframework.data.jpa.repository.query.JpaQueryLookupStrategy$CreateQueryLookupStrategy.resolveQuery(JpaQueryLookupStrategy.java:106) ~[spring-data-jpa-2.1.10.RELEASE.jar:2.1.10.RELEASE]
	at org.springframework.data.jpa.repository.query.JpaQueryLookupStrategy$CreateIfNotFoundQueryLookupStrategy.resolveQuery(JpaQueryLookupStrategy.java:211) ~[spring-data-jpa-2.1.10.RELEASE.jar:2.1.10.RELEASE]
	at org.springframework.data.jpa.repository.query.JpaQueryLookupStrategy$AbstractQueryLookupStrategy.resolveQuery(JpaQueryLookupStrategy.java:79) ~[spring-data-jpa-2.1.10.RELEASE.jar:2.1.10.RELEASE]
	at org.springframework.data.repository.core.support.RepositoryFactorySupport$QueryExecutorMethodInterceptor.lookupQuery(RepositoryFactorySupport.java:566) ~[spring-data-commons-2.1.10.RELEASE.jar:2.1.10.RELEASE]
	at org.springframework.data.repository.core.support.RepositoryFactorySupport$QueryExecutorMethodInterceptor.lambda$mapMethodsToQuery$1(RepositoryFactorySupport.java:559) ~[spring-data-commons-2.1.10.RELEASE.jar:2.1.10.RELEASE]
	at java.util.stream.ReferencePipeline$3$1.accept(ReferencePipeline.java:193) ~[na:1.8.0_201]
	at java.util.Iterator.forEachRemaining(Iterator.java:116) ~[na:1.8.0_201]
	at java.util.Collections$UnmodifiableCollection$1.forEachRemaining(Collections.java:1049) ~[na:1.8.0_201]
	at java.util.Spliterators$IteratorSpliterator.forEachRemaining(Spliterators.java:1801) ~[na:1.8.0_201]
	at java.util.stream.AbstractPipeline.copyInto(AbstractPipeline.java:481) ~[na:1.8.0_201]
	at java.util.stream.AbstractPipeline.wrapAndCopyInto(AbstractPipeline.java:471) ~[na:1.8.0_201]
	at java.util.stream.ReduceOps$ReduceOp.evaluateSequential(ReduceOps.java:708) ~[na:1.8.0_201]
	at java.util.stream.AbstractPipeline.evaluate(AbstractPipeline.java:234) ~[na:1.8.0_201]
	at java.util.stream.ReferencePipeline.collect(ReferencePipeline.java:499) ~[na:1.8.0_201]
	at org.springframework.data.repository.core.support.RepositoryFactorySupport$QueryExecutorMethodInterceptor.mapMethodsToQuery(RepositoryFactorySupport.java:561) ~[spring-data-commons-2.1.10.RELEASE.jar:2.1.10.RELEASE]
	at org.springframework.data.repository.core.support.RepositoryFactorySupport$QueryExecutorMethodInterceptor.lambda$new$0(RepositoryFactorySupport.java:551) ~[spring-data-commons-2.1.10.RELEASE.jar:2.1.10.RELEASE]
	at java.util.Optional.map(Optional.java:215) ~[na:1.8.0_201]
	at org.springframework.data.repository.core.support.RepositoryFactorySupport$QueryExecutorMethodInterceptor.<init>(RepositoryFactorySupport.java:551) ~[spring-data-commons-2.1.10.RELEASE.jar:2.1.10.RELEASE]
	at org.springframework.data.repository.core.support.RepositoryFactorySupport.getRepository(RepositoryFactorySupport.java:324) ~[spring-data-commons-2.1.10.RELEASE.jar:2.1.10.RELEASE]
	at org.springframework.data.repository.core.support.RepositoryFactoryBeanSupport.lambda$afterPropertiesSet$5(RepositoryFactoryBeanSupport.java:297) ~[spring-data-commons-2.1.10.RELEASE.jar:2.1.10.RELEASE]
	at org.springframework.data.util.Lazy.getNullable(Lazy.java:211) ~[spring-data-commons-2.1.10.RELEASE.jar:2.1.10.RELEASE]
	at org.springframework.data.util.Lazy.get(Lazy.java:94) ~[spring-data-commons-2.1.10.RELEASE.jar:2.1.10.RELEASE]
	at org.springframework.data.repository.core.support.RepositoryFactoryBeanSupport.afterPropertiesSet(RepositoryFactoryBeanSupport.java:300) ~[spring-data-commons-2.1.10.RELEASE.jar:2.1.10.RELEASE]
	at org.springframework.data.jpa.repository.support.JpaRepositoryFactoryBean.afterPropertiesSet(JpaRepositoryFactoryBean.java:121) ~[spring-data-jpa-2.1.10.RELEASE.jar:2.1.10.RELEASE]
	at org.springframework.beans.factory.support.AbstractAutowireCapableBeanFactory.invokeInitMethods(AbstractAutowireCapableBeanFactory.java:1837) ~[spring-beans-5.1.9.RELEASE.jar:5.1.9.RELEASE]
	at org.springframework.beans.factory.support.AbstractAutowireCapableBeanFactory.initializeBean(AbstractAutowireCapableBeanFactory.java:1774) ~[spring-beans-5.1.9.RELEASE.jar:5.1.9.RELEASE]
	... 34 common frames omitted
Caused by: org.springframework.data.mapping.PropertyReferenceException: No property openingTime found for type Restaurante!
	at org.springframework.data.mapping.PropertyPath.<init>(PropertyPath.java:94) ~[spring-data-commons-2.1.10.RELEASE.jar:2.1.10.RELEASE]
	at org.springframework.data.mapping.PropertyPath.create(PropertyPath.java:382) ~[spring-data-commons-2.1.10.RELEASE.jar:2.1.10.RELEASE]
	at org.springframework.data.mapping.PropertyPath.create(PropertyPath.java:358) ~[spring-data-commons-2.1.10.RELEASE.jar:2.1.10.RELEASE]
	at org.springframework.data.mapping.PropertyPath.lambda$from$0(PropertyPath.java:311) ~[spring-data-commons-2.1.10.RELEASE.jar:2.1.10.RELEASE]
	at java.util.concurrent.ConcurrentMap.computeIfAbsent(ConcurrentMap.java:324) ~[na:1.8.0_201]
	at org.springframework.data.mapping.PropertyPath.from(PropertyPath.java:293) ~[spring-data-commons-2.1.10.RELEASE.jar:2.1.10.RELEASE]
	at org.springframework.data.mapping.PropertyPath.from(PropertyPath.java:276) ~[spring-data-commons-2.1.10.RELEASE.jar:2.1.10.RELEASE]
	at org.springframework.data.repository.query.parser.Part.<init>(Part.java:81) ~[spring-data-commons-2.1.10.RELEASE.jar:2.1.10.RELEASE]
	at org.springframework.data.repository.query.parser.PartTree$OrPart.lambda$new$0(PartTree.java:250) ~[spring-data-commons-2.1.10.RELEASE.jar:2.1.10.RELEASE]
	at java.util.stream.ReferencePipeline$3$1.accept(ReferencePipeline.java:193) ~[na:1.8.0_201]
	at java.util.stream.ReferencePipeline$2$1.accept(ReferencePipeline.java:175) ~[na:1.8.0_201]
	at java.util.Spliterators$ArraySpliterator.forEachRemaining(Spliterators.java:948) ~[na:1.8.0_201]
	at java.util.stream.AbstractPipeline.copyInto(AbstractPipeline.java:481) ~[na:1.8.0_201]
	at java.util.stream.AbstractPipeline.wrapAndCopyInto(AbstractPipeline.java:471) ~[na:1.8.0_201]
	at java.util.stream.ReduceOps$ReduceOp.evaluateSequential(ReduceOps.java:708) ~[na:1.8.0_201]
	at java.util.stream.AbstractPipeline.evaluate(AbstractPipeline.java:234) ~[na:1.8.0_201]
	at java.util.stream.ReferencePipeline.collect(ReferencePipeline.java:499) ~[na:1.8.0_201]
	at org.springframework.data.repository.query.parser.PartTree$OrPart.<init>(PartTree.java:251) ~[spring-data-commons-2.1.10.RELEASE.jar:2.1.10.RELEASE]
	at org.springframework.data.repository.query.parser.PartTree$Predicate.lambda$new$0(PartTree.java:380) ~[spring-data-commons-2.1.10.RELEASE.jar:2.1.10.RELEASE]
	at java.util.stream.ReferencePipeline$3$1.accept(ReferencePipeline.java:193) ~[na:1.8.0_201]
	at java.util.stream.ReferencePipeline$2$1.accept(ReferencePipeline.java:175) ~[na:1.8.0_201]
	at java.util.Spliterators$ArraySpliterator.forEachRemaining(Spliterators.java:948) ~[na:1.8.0_201]
	at java.util.stream.AbstractPipeline.copyInto(AbstractPipeline.java:481) ~[na:1.8.0_201]
	at java.util.stream.AbstractPipeline.wrapAndCopyInto(AbstractPipeline.java:471) ~[na:1.8.0_201]
	at java.util.stream.ReduceOps$ReduceOp.evaluateSequential(ReduceOps.java:708) ~[na:1.8.0_201]
	at java.util.stream.AbstractPipeline.evaluate(AbstractPipeline.java:234) ~[na:1.8.0_201]
	at java.util.stream.ReferencePipeline.collect(ReferencePipeline.java:499) ~[na:1.8.0_201]
	at org.springframework.data.repository.query.parser.PartTree$Predicate.<init>(PartTree.java:381) ~[spring-data-commons-2.1.10.RELEASE.jar:2.1.10.RELEASE]
	at org.springframework.data.repository.query.parser.PartTree.<init>(PartTree.java:96) ~[spring-data-commons-2.1.10.RELEASE.jar:2.1.10.RELEASE]
	at org.springframework.data.jpa.repository.query.PartTreeJpaQuery.<init>(PartTreeJpaQuery.java:78) ~[spring-data-jpa-2.1.10.RELEASE.jar:2.1.10.RELEASE]
	... 60 common frames omitted
24-09-2019 19:37:41.662 [restartedMain] WARN  o.s.b.a.o.j.JpaBaseConfiguration$JpaWebConfiguration$JpaWebMvcConfiguration.openEntityManagerInViewInterceptor - spring.jpa.open-in-view is enabled by default. Therefore, database queries may be performed during view rendering. Explicitly configure spring.jpa.open-in-view to disable this warning
24-09-2019 19:39:07.309 [restartedMain] WARN  o.s.b.a.o.j.JpaBaseConfiguration$JpaWebConfiguration$JpaWebMvcConfiguration.openEntityManagerInViewInterceptor - spring.jpa.open-in-view is enabled by default. Therefore, database queries may be performed during view rendering. Explicitly configure spring.jpa.open-in-view to disable this warning
24-09-2019 19:40:18.838 [restartedMain] WARN  o.s.b.a.o.j.JpaBaseConfiguration$JpaWebConfiguration$JpaWebMvcConfiguration.openEntityManagerInViewInterceptor - spring.jpa.open-in-view is enabled by default. Therefore, database queries may be performed during view rendering. Explicitly configure spring.jpa.open-in-view to disable this warning
24-09-2019 19:41:04.135 [restartedMain] WARN  o.s.b.a.o.j.JpaBaseConfiguration$JpaWebConfiguration$JpaWebMvcConfiguration.openEntityManagerInViewInterceptor - spring.jpa.open-in-view is enabled by default. Therefore, database queries may be performed during view rendering. Explicitly configure spring.jpa.open-in-view to disable this warning
24-09-2019 19:51:38.122 [restartedMain] WARN  o.s.b.a.o.j.JpaBaseConfiguration$JpaWebConfiguration$JpaWebMvcConfiguration.openEntityManagerInViewInterceptor - spring.jpa.open-in-view is enabled by default. Therefore, database queries may be performed during view rendering. Explicitly configure spring.jpa.open-in-view to disable this warning
24-09-2019 19:54:28.488 [restartedMain] WARN  o.s.b.a.o.j.JpaBaseConfiguration$JpaWebConfiguration$JpaWebMvcConfiguration.openEntityManagerInViewInterceptor - spring.jpa.open-in-view is enabled by default. Therefore, database queries may be performed during view rendering. Explicitly configure spring.jpa.open-in-view to disable this warning
24-09-2019 19:54:52.783 [restartedMain] WARN  o.s.b.a.o.j.JpaBaseConfiguration$JpaWebConfiguration$JpaWebMvcConfiguration.openEntityManagerInViewInterceptor - spring.jpa.open-in-view is enabled by default. Therefore, database queries may be performed during view rendering. Explicitly configure spring.jpa.open-in-view to disable this warning
24-09-2019 19:56:47.288 [restartedMain] WARN  o.s.b.a.o.j.JpaBaseConfiguration$JpaWebConfiguration$JpaWebMvcConfiguration.openEntityManagerInViewInterceptor - spring.jpa.open-in-view is enabled by default. Therefore, database queries may be performed during view rendering. Explicitly configure spring.jpa.open-in-view to disable this warning
24-09-2019 19:58:53.662 [restartedMain] WARN  o.s.b.a.o.j.JpaBaseConfiguration$JpaWebConfiguration$JpaWebMvcConfiguration.openEntityManagerInViewInterceptor - spring.jpa.open-in-view is enabled by default. Therefore, database queries may be performed during view rendering. Explicitly configure spring.jpa.open-in-view to disable this warning
24-09-2019 19:59:01.630 [http-nio-8080-exec-1] INFO  c.e.d.business.RestauranteBusiness.list - [com.example.demo.web.RestauranteRestController.list(RestauranteRestController.java:35)] [com.example.demo.business.RestauranteBusiness.list(RestauranteBusiness.java:27)]
24-09-2019 20:02:26.670 [restartedMain] WARN  o.s.b.a.o.j.JpaBaseConfiguration$JpaWebConfiguration$JpaWebMvcConfiguration.openEntityManagerInViewInterceptor - spring.jpa.open-in-view is enabled by default. Therefore, database queries may be performed during view rendering. Explicitly configure spring.jpa.open-in-view to disable this warning
24-09-2019 20:02:29.960 [restartedMain] WARN  o.s.b.d.a.OptionalLiveReloadServer.startServer - Unable to start LiveReload server
24-09-2019 20:02:30.511 [restartedMain] WARN  o.s.b.a.o.j.JpaBaseConfiguration$JpaWebConfiguration$JpaWebMvcConfiguration.openEntityManagerInViewInterceptor - spring.jpa.open-in-view is enabled by default. Therefore, database queries may be performed during view rendering. Explicitly configure spring.jpa.open-in-view to disable this warning
24-09-2019 20:02:30.713 [restartedMain] ERROR o.apache.catalina.util.LifecycleBase.log - Failed to start component [Connector[HTTP/1.1-8080]]
org.apache.catalina.LifecycleException: Protocol handler start failed
	at org.apache.catalina.connector.Connector.startInternal(Connector.java:1008)
	at org.apache.catalina.util.LifecycleBase.start(LifecycleBase.java:183)
	at org.apache.catalina.core.StandardService.addConnector(StandardService.java:227)
	at org.springframework.boot.web.embedded.tomcat.TomcatWebServer.addPreviouslyRemovedConnectors(TomcatWebServer.java:263)
	at org.springframework.boot.web.embedded.tomcat.TomcatWebServer.start(TomcatWebServer.java:195)
	at org.springframework.boot.web.servlet.context.ServletWebServerApplicationContext.startWebServer(ServletWebServerApplicationContext.java:297)
	at org.springframework.boot.web.servlet.context.ServletWebServerApplicationContext.finishRefresh(ServletWebServerApplicationContext.java:163)
	at org.springframework.context.support.AbstractApplicationContext.refresh(AbstractApplicationContext.java:552)
	at org.springframework.boot.web.servlet.context.ServletWebServerApplicationContext.refresh(ServletWebServerApplicationContext.java:141)
	at org.springframework.boot.SpringApplication.refresh(SpringApplication.java:743)
	at org.springframework.boot.SpringApplication.refreshContext(SpringApplication.java:390)
	at org.springframework.boot.SpringApplication.run(SpringApplication.java:312)
	at org.springframework.boot.SpringApplication.run(SpringApplication.java:1214)
	at org.springframework.boot.SpringApplication.run(SpringApplication.java:1203)
	at com.example.demo.DemoApplication.main(DemoApplication.java:13)
	at sun.reflect.NativeMethodAccessorImpl.invoke0(Native Method)
	at sun.reflect.NativeMethodAccessorImpl.invoke(NativeMethodAccessorImpl.java:62)
	at sun.reflect.DelegatingMethodAccessorImpl.invoke(DelegatingMethodAccessorImpl.java:43)
	at java.lang.reflect.Method.invoke(Method.java:498)
	at org.springframework.boot.devtools.restart.RestartLauncher.run(RestartLauncher.java:49)
Caused by: java.net.BindException: La dirección ya se está usando
	at sun.nio.ch.Net.bind0(Native Method)
	at sun.nio.ch.Net.bind(Net.java:433)
	at sun.nio.ch.Net.bind(Net.java:425)
	at sun.nio.ch.ServerSocketChannelImpl.bind(ServerSocketChannelImpl.java:223)
	at sun.nio.ch.ServerSocketAdaptor.bind(ServerSocketAdaptor.java:74)
	at org.apache.tomcat.util.net.NioEndpoint.initServerSocket(NioEndpoint.java:230)
	at org.apache.tomcat.util.net.NioEndpoint.bind(NioEndpoint.java:213)
	at org.apache.tomcat.util.net.AbstractEndpoint.bindWithCleanup(AbstractEndpoint.java:1124)
	at org.apache.tomcat.util.net.AbstractEndpoint.start(AbstractEndpoint.java:1210)
	at org.apache.coyote.AbstractProtocol.start(AbstractProtocol.java:585)
	at org.apache.catalina.connector.Connector.startInternal(Connector.java:1005)
	... 19 common frames omitted
24-09-2019 20:02:30.736 [restartedMain] ERROR o.s.b.d.LoggingFailureAnalysisReporter.report - 

***************************
APPLICATION FAILED TO START
***************************

Description:

The Tomcat connector configured to listen on port 8080 failed to start. The port may already be in use or the connector may be misconfigured.

Action:

Verify the connector's configuration, identify and stop any process that's listening on port 8080, or configure this application to listen on another port.

24-09-2019 20:02:47.708 [restartedMain] WARN  o.s.b.a.o.j.JpaBaseConfiguration$JpaWebConfiguration$JpaWebMvcConfiguration.openEntityManagerInViewInterceptor - spring.jpa.open-in-view is enabled by default. Therefore, database queries may be performed during view rendering. Explicitly configure spring.jpa.open-in-view to disable this warning
24-09-2019 20:04:14.608 [restartedMain] WARN  o.s.b.a.o.j.JpaBaseConfiguration$JpaWebConfiguration$JpaWebMvcConfiguration.openEntityManagerInViewInterceptor - spring.jpa.open-in-view is enabled by default. Therefore, database queries may be performed during view rendering. Explicitly configure spring.jpa.open-in-view to disable this warning
24-09-2019 20:11:34.461 [restartedMain] WARN  o.s.b.a.o.j.JpaBaseConfiguration$JpaWebConfiguration$JpaWebMvcConfiguration.openEntityManagerInViewInterceptor - spring.jpa.open-in-view is enabled by default. Therefore, database queries may be performed during view rendering. Explicitly configure spring.jpa.open-in-view to disable this warning
24-09-2019 20:13:28.980 [restartedMain] WARN  o.s.b.a.o.j.JpaBaseConfiguration$JpaWebConfiguration$JpaWebMvcConfiguration.openEntityManagerInViewInterceptor - spring.jpa.open-in-view is enabled by default. Therefore, database queries may be performed during view rendering. Explicitly configure spring.jpa.open-in-view to disable this warning
24-09-2019 20:13:34.272 [restartedMain] WARN  o.s.b.d.a.OptionalLiveReloadServer.startServer - Unable to start LiveReload server
24-09-2019 20:13:35.064 [restartedMain] WARN  o.s.b.a.o.j.JpaBaseConfiguration$JpaWebConfiguration$JpaWebMvcConfiguration.openEntityManagerInViewInterceptor - spring.jpa.open-in-view is enabled by default. Therefore, database queries may be performed during view rendering. Explicitly configure spring.jpa.open-in-view to disable this warning
24-09-2019 20:13:35.366 [restartedMain] ERROR o.apache.catalina.util.LifecycleBase.log - Failed to start component [Connector[HTTP/1.1-8080]]
org.apache.catalina.LifecycleException: Protocol handler start failed
	at org.apache.catalina.connector.Connector.startInternal(Connector.java:1008)
	at org.apache.catalina.util.LifecycleBase.start(LifecycleBase.java:183)
	at org.apache.catalina.core.StandardService.addConnector(StandardService.java:227)
	at org.springframework.boot.web.embedded.tomcat.TomcatWebServer.addPreviouslyRemovedConnectors(TomcatWebServer.java:263)
	at org.springframework.boot.web.embedded.tomcat.TomcatWebServer.start(TomcatWebServer.java:195)
	at org.springframework.boot.web.servlet.context.ServletWebServerApplicationContext.startWebServer(ServletWebServerApplicationContext.java:297)
	at org.springframework.boot.web.servlet.context.ServletWebServerApplicationContext.finishRefresh(ServletWebServerApplicationContext.java:163)
	at org.springframework.context.support.AbstractApplicationContext.refresh(AbstractApplicationContext.java:552)
	at org.springframework.boot.web.servlet.context.ServletWebServerApplicationContext.refresh(ServletWebServerApplicationContext.java:141)
	at org.springframework.boot.SpringApplication.refresh(SpringApplication.java:743)
	at org.springframework.boot.SpringApplication.refreshContext(SpringApplication.java:390)
	at org.springframework.boot.SpringApplication.run(SpringApplication.java:312)
	at org.springframework.boot.SpringApplication.run(SpringApplication.java:1214)
	at org.springframework.boot.SpringApplication.run(SpringApplication.java:1203)
	at com.example.demo.DemoApplication.main(DemoApplication.java:13)
	at sun.reflect.NativeMethodAccessorImpl.invoke0(Native Method)
	at sun.reflect.NativeMethodAccessorImpl.invoke(NativeMethodAccessorImpl.java:62)
	at sun.reflect.DelegatingMethodAccessorImpl.invoke(DelegatingMethodAccessorImpl.java:43)
	at java.lang.reflect.Method.invoke(Method.java:498)
	at org.springframework.boot.devtools.restart.RestartLauncher.run(RestartLauncher.java:49)
Caused by: java.net.BindException: La dirección ya se está usando
	at sun.nio.ch.Net.bind0(Native Method)
	at sun.nio.ch.Net.bind(Net.java:433)
	at sun.nio.ch.Net.bind(Net.java:425)
	at sun.nio.ch.ServerSocketChannelImpl.bind(ServerSocketChannelImpl.java:223)
	at sun.nio.ch.ServerSocketAdaptor.bind(ServerSocketAdaptor.java:74)
	at org.apache.tomcat.util.net.NioEndpoint.initServerSocket(NioEndpoint.java:230)
	at org.apache.tomcat.util.net.NioEndpoint.bind(NioEndpoint.java:213)
	at org.apache.tomcat.util.net.AbstractEndpoint.bindWithCleanup(AbstractEndpoint.java:1124)
	at org.apache.tomcat.util.net.AbstractEndpoint.start(AbstractEndpoint.java:1210)
	at org.apache.coyote.AbstractProtocol.start(AbstractProtocol.java:585)
	at org.apache.catalina.connector.Connector.startInternal(Connector.java:1005)
	... 19 common frames omitted
24-09-2019 20:13:35.413 [restartedMain] ERROR o.s.b.d.LoggingFailureAnalysisReporter.report - 

***************************
APPLICATION FAILED TO START
***************************

Description:

The Tomcat connector configured to listen on port 8080 failed to start. The port may already be in use or the connector may be misconfigured.

Action:

Verify the connector's configuration, identify and stop any process that's listening on port 8080, or configure this application to listen on another port.

24-09-2019 20:15:51.454 [restartedMain] WARN  o.s.b.a.o.j.JpaBaseConfiguration$JpaWebConfiguration$JpaWebMvcConfiguration.openEntityManagerInViewInterceptor - spring.jpa.open-in-view is enabled by default. Therefore, database queries may be performed during view rendering. Explicitly configure spring.jpa.open-in-view to disable this warning
